<?xml version="1.0" encoding="UTF-8"?>
<testsuite xmlns:xsi="http://www.w3.org/2001/XMLSchema-instance" xsi:noNamespaceSchemaLocation="https://maven.apache.org/surefire/maven-surefire-plugin/xsd/surefire-test-report-3.0.xsd" version="3.0" name="perfectHashing.PerfectHashTableTest" time="0.014" tests="12" errors="0" skipped="0" failures="0">
  <properties>
[...]
</properties>
  <testcase name="build_shouldRejectNullKeys" classname="perfectHashing.PerfectHashTableTest" time="0.001"/>
  <testcase name="build_shouldRejectLengthMismatch" classname="perfectHashing.PerfectHashTableTest" time="0.0"/>
  <testcase name="containsKey_shouldWorkWithNullValues" classname="perfectHashing.PerfectHashTableTest" time="0.001"/>
  <testcase name="build_shouldRejectDuplicateKeys" classname="perfectHashing.PerfectHashTableTest" time="0.001"/>
  <testcase name="randomized_sparseUniqueKeys_matchesHashMap" classname="perfectHashing.PerfectHashTableTest" time="0.005"/>
  <testcase name="get_shouldReturnInsertedValues" classname="perfectHashing.PerfectHashTableTest" time="0.0"/>
  <testcase name="build_shouldRejectNullValues" classname="perfectHashing.PerfectHashTableTest" time="0.0"/>
  <testcase name="containsKey_shouldBeConsistentWithGet" classname="perfectHashing.PerfectHashTableTest" time="0.0"/>
  <testcase name="get_shouldReturnNullForMissingKey" classname="perfectHashing.PerfectHashTableTest" time="0.001"/>
  <testcase name="get_shouldWorkWithNegativeKeys" classname="perfectHashing.PerfectHashTableTest" time="0.0"/>
  <testcase name="randomized_denseKeys_matchesHashMap" classname="perfectHashing.PerfectHashTableTest" time="0.001"/>
  <testcase name="build_emptyInput_shouldWork" classname="perfectHashing.PerfectHashTableTest" time="0.001"/>
</testsuite>