GROUP,PACKAGE,CLASS,INSTRUCTION_MISSED,INSTRUCTION_COVERED,BRANCH_MISSED,BRANCH_COVERED,LINE_MISSED,LINE_COVERED,COMPLEXITY_MISSED,COMPLEXITY_COVERED,METHOD_MISSED,METHOD_COVERED
hw01,lsh,MinHashLshIndex,0,757,1,77,0,152,1,54,0,16
hw01,lsh,MinHashLshIndex.IntList,0,64,0,4,0,12,0,7,0,5
hw01,lsh,MinHashLshIndex.Pair,0,20,0,0,0,6,0,2,0,2
hw01,extendableHashing,PutResult,0,21,0,0,0,4,0,1,0,1
hw01,extendableHashing,ExtendableHashFileFormat,0,27,0,0,0,4,0,4,0,4
hw01,extendableHashing,ExtendableHashTable,58,859,6,62,18,188,6,60,0,32
hw01,perfectHashing,PerfectHashTable,1,239,1,17,1,41,1,13,0,5
hw01,perfectHashing,PerfectHashTable.SecondaryTable,0,170,0,22,0,39,0,16,0,5
hw01,perfectHashing,PerfectHashTable.HashFunction,0,48,0,2,0,9,0,4,0,3
